0	08:48:27.981	Darwinex build 1170 started (Tradeslide Trading Tech Limited)
0	08:48:27.982	Microsoft Windows 7 x86, IE 11, 8 x Intel Pentium 4  2.40GHz, Memory: 9771 / 15872 Mb, Disk: 4 / 66 Gb, GMT+0
0	08:48:27.982	Data Folder: C:\mt4
2	08:48:29.393	Expert DWX_ZeroMQ_Server_v2.0.1_RC8 EURUSD,H1: loaded successfully
0	08:48:29.798	'2088947786': login on Darwinex-Demo through primary 2 (ping: 33.69 ms)
0	08:48:30.096	'2088947786': previous successful authorization performed from 46.234.153.139
0	08:48:41.297	'2088947786': auto connecting to a better access point primary (ping is 33.98 ms)
0	08:48:41.517	'2088947786': login on Darwinex-Demo through primary (ping: 33.98 ms)
0	08:48:42.394	'2088947786': previous successful authorization performed from 46.234.153.139
2	08:49:40.532	Expert DWX_ZeroMQ_Server_v2.0.1_RC8 EURUSD,H1: removed
2	08:49:46.448	Expert DWX_ZeroMQ_Server_v2.0.1_RC8 EURUSD,H1: loaded successfully
0	08:52:32.393	Automated trading disabled
3	08:52:32.393	Automated trading disabled because the account has been changed
2	08:53:08.869	Expert DWX_ZeroMQ_Server_v2.0.1_RC8 EURUSD,H1: removed
0	08:53:09.433	Darwinex build 1170 stopped
0	09:02:12.063	Darwinex build 1170 started (Tradeslide Trading Tech Limited)
0	09:02:12.064	Microsoft Windows 7 x86, IE 11, 8 x Intel Pentium 4  2.40GHz, Memory: 9567 / 15872 Mb, Disk: 4 / 66 Gb, GMT+0
0	09:02:12.064	Data Folder: C:\mt4
0	09:02:12.326	Started with configuration file 'startup.ini'
2	09:02:13.418	Expert DWX_ZeroMQ_Server_v2.0.1_RC8 EURUSD,H1: loaded successfully
2	09:02:13.442	Expert DWX_ZeroMQ_Server_v2.0.1_RC8 EURUSD,H1: loaded successfully
0	09:02:13.858	'2088947786': login on demouk.darwinex.com
0	09:02:14.160	'2088947786': previous successful authorization performed from 46.234.153.139
2	09:03:16.137	Expert DWX_ZeroMQ_Server_v2.0.1_RC8 EURUSD,H1: removed
0	09:03:31.439	Automated trading disabled
3	09:03:31.439	Automated trading disabled because the account has been changed
2	09:05:19.980	Expert DWX_ZeroMQ_Server_v2.0.1_RC8 EURUSD,H1: removed
0	09:05:20.537	Darwinex build 1170 stopped
0	09:11:47.024	Darwinex build 1170 started (Tradeslide Trading Tech Limited)
0	09:11:47.026	Microsoft Windows 7 x86, IE 11, 8 x Intel Pentium 4  2.40GHz, Memory: 9673 / 15872 Mb, Disk: 4 / 66 Gb, GMT+0
0	09:11:47.026	Data Folder: C:\mt4
0	09:11:47.238	Sources recompilation started
0	09:11:48.603	Sources recompilation finished (1 compiled in 1365 msec)
0	09:11:48.604	Started with configuration file 'startup.ini'
2	09:11:49.529	Expert DWX_ZeroMQ_Server_v2.0.1_RC8 EURUSD,H1: loaded successfully
0	09:11:50.050	'2088947786': login on demouk.darwinex.com
0	09:11:50.390	'2088947786': previous successful authorization performed from 46.234.153.139
2	09:14:20.411	Expert DWX_ZeroMQ_Server_v2.0.1_RC8 EURUSD,H1: loaded successfully
0	09:14:56.476	Automated trading disabled
3	09:14:56.476	Automated trading disabled because the account has been changed
2	09:15:19.438	Expert DWX_ZeroMQ_Server_v2.0.1_RC8 EURUSD,H1: removed
2	09:15:19.448	Expert DWX_ZeroMQ_Server_v2.0.1_RC8 EURUSD,H1: removed
0	09:15:20.003	Darwinex build 1170 stopped
0	10:47:56.877	Darwinex build 1170 started (Tradeslide Trading Tech Limited)
0	10:47:56.878	Microsoft Windows 7 x86, IE 11, 8 x Intel Pentium 4  2.40GHz, Memory: 9109 / 15872 Mb, Disk: 4 / 66 Gb, GMT+0
0	10:47:56.878	Data Folder: C:\mt4
0	10:47:57.097	Started with configuration file 'startup.ini'
2	10:47:58.232	Expert DWX_ZeroMQ_Server_v2.0.1_RC8 EURUSD,H1: loaded successfully
2	10:47:58.392	Expert DWX_ZeroMQ_Server_v2.0.1_RC8 EURUSD,H1: loaded successfully
