0	08:48:29.393	Expert DWX_ZeroMQ_Server_v2.0.1_RC8 EURUSD,H1: loaded successfully
0	08:48:29.393	DWX_ZeroMQ_Server_v2.0.1_RC8 EURUSD,H1 inputs: PROJECT_NAME=DWX_ZeroMQ_MT4_Server; ZEROMQ_PROTOCOL=tcp; HOSTNAME=*; PUSH_PORT=32768; PULL_PORT=32769; PUB_PORT=32770; MILLISECOND_TIMER=1; t0=--- Trading Parameters ---; MagicNumber=123456; MaximumOrders=1; MaximumLotSize=1.0; MaximumSlippage=3; DMA_MODE=true; t1=--- ZeroMQ Configuration ---; Publish_MarketData=true; 
0	08:48:30.540	DWX_ZeroMQ_Server_v2.0.1_RC8 EURUSD,H1: [PUSH] Binding MT4 Server to Socket on Port 32769..
0	08:48:30.540	DWX_ZeroMQ_Server_v2.0.1_RC8 EURUSD,H1: [PULL] Binding MT4 Server to Socket on Port 32768..
0	08:48:30.540	DWX_ZeroMQ_Server_v2.0.1_RC8 EURUSD,H1: [PUB] Binding MT4 Server to Socket on Port 32770..
0	08:48:30.540	DWX_ZeroMQ_Server_v2.0.1_RC8 EURUSD,H1: initialized
0	08:49:40.528	DWX_ZeroMQ_Server_v2.0.1_RC8 EURUSD,H1: uninit reason 1
0	08:49:40.528	DWX_ZeroMQ_Server_v2.0.1_RC8 EURUSD,H1: [PUSH] Unbinding MT4 Server from Socket on Port 32769..
0	08:49:40.528	DWX_ZeroMQ_Server_v2.0.1_RC8 EURUSD,H1: [PULL] Unbinding MT4 Server from Socket on Port 32768..
0	08:49:40.529	DWX_ZeroMQ_Server_v2.0.1_RC8 EURUSD,H1: [PUB] Unbinding MT4 Server from Socket on Port 32770..
0	08:49:40.532	Expert DWX_ZeroMQ_Server_v2.0.1_RC8 EURUSD,H1: removed
0	08:49:46.448	Expert DWX_ZeroMQ_Server_v2.0.1_RC8 EURUSD,H1: loaded successfully
0	08:50:02.648	DWX_ZeroMQ_Server_v2.0.1_RC8 EURUSD,H1 inputs: PROJECT_NAME=DWX_ZeroMQ_MT4_Server; ZEROMQ_PROTOCOL=tcp; HOSTNAME=*; PUSH_PORT=32768; PULL_PORT=32769; PUB_PORT=32770; MILLISECOND_TIMER=1; t0=--- Trading Parameters ---; MagicNumber=123456; MaximumOrders=1; MaximumLotSize=1.0; MaximumSlippage=3; DMA_MODE=true; t1=--- ZeroMQ Configuration ---; Publish_MarketData=true; 
0	08:50:02.686	DWX_ZeroMQ_Server_v2.0.1_RC8 EURUSD,H1: [PUSH] Binding MT4 Server to Socket on Port 32769..
0	08:50:02.687	DWX_ZeroMQ_Server_v2.0.1_RC8 EURUSD,H1: [PULL] Binding MT4 Server to Socket on Port 32768..
0	08:50:02.687	DWX_ZeroMQ_Server_v2.0.1_RC8 EURUSD,H1: [PUB] Binding MT4 Server to Socket on Port 32770..
0	08:50:02.687	DWX_ZeroMQ_Server_v2.0.1_RC8 EURUSD,H1: initialized
0	08:52:32.393	Automated trading disabled
3	08:52:32.393	Automated trading disabled because the account has been changed
0	08:53:08.830	DWX_ZeroMQ_Server_v2.0.1_RC8 EURUSD,H1: uninit reason 9
0	08:53:08.830	DWX_ZeroMQ_Server_v2.0.1_RC8 EURUSD,H1: [PUSH] Unbinding MT4 Server from Socket on Port 32769..
0	08:53:08.830	DWX_ZeroMQ_Server_v2.0.1_RC8 EURUSD,H1: [PULL] Unbinding MT4 Server from Socket on Port 32768..
0	08:53:08.830	DWX_ZeroMQ_Server_v2.0.1_RC8 EURUSD,H1: [PUB] Unbinding MT4 Server from Socket on Port 32770..
0	08:53:08.869	Expert DWX_ZeroMQ_Server_v2.0.1_RC8 EURUSD,H1: removed
0	09:02:13.418	Expert DWX_ZeroMQ_Server_v2.0.1_RC8 EURUSD,H1: loaded successfully
0	09:02:13.418	DWX_ZeroMQ_Server_v2.0.1_RC8 EURUSD,H1 inputs: PROJECT_NAME=DWX_ZeroMQ_MT4_Server; ZEROMQ_PROTOCOL=tcp; HOSTNAME=*; PUSH_PORT=32768; PULL_PORT=32769; PUB_PORT=32770; MILLISECOND_TIMER=1; t0=--- Trading Parameters ---; MagicNumber=123456; MaximumOrders=1; MaximumLotSize=0.01; MaximumSlippage=3; DMA_MODE=true; t1=--- ZeroMQ Configuration ---; Publish_MarketData=false; 
0	09:02:13.442	Expert DWX_ZeroMQ_Server_v2.0.1_RC8 EURUSD,H1: loaded successfully
0	09:02:13.442	DWX_ZeroMQ_Server_v2.0.1_RC8 EURUSD,H1 inputs: PROJECT_NAME=DWX_ZeroMQ_MT4_Server; ZEROMQ_PROTOCOL=tcp; HOSTNAME=*; PUSH_PORT=32768; PULL_PORT=32769; PUB_PORT=32770; MILLISECOND_TIMER=1; t0=--- Trading Parameters ---; MagicNumber=123456; MaximumOrders=1; MaximumLotSize=1.0; MaximumSlippage=3; DMA_MODE=true; t1=--- ZeroMQ Configuration ---; Publish_MarketData=true; 
3	09:02:13.445	DWX_ZeroMQ_Server_v2.0.1_RC8 EURUSD,H1: cannot refresh history [4073]
0	09:02:13.532	DWX_ZeroMQ_Server_v2.0.1_RC8 EURUSD,H1: [PUSH] Binding MT4 Server to Socket on Port 32769..
0	09:02:13.532	DWX_ZeroMQ_Server_v2.0.1_RC8 EURUSD,H1: [PULL] Binding MT4 Server to Socket on Port 32768..
0	09:02:13.532	DWX_ZeroMQ_Server_v2.0.1_RC8 EURUSD,H1: initialized
0	09:02:14.268	DWX_ZeroMQ_Server_v2.0.1_RC8 EURUSD,H1: [PUSH] Binding MT4 Server to Socket on Port 32769..
0	09:02:14.268	DWX_ZeroMQ_Server_v2.0.1_RC8 EURUSD,H1: [PULL] Binding MT4 Server to Socket on Port 32768..
0	09:02:14.268	DWX_ZeroMQ_Server_v2.0.1_RC8 EURUSD,H1: initialized
0	09:02:14.318	DWX_ZeroMQ_Server_v2.0.1_RC8 EURUSD,H1: [PUSH] Binding MT4 Server to Socket on Port 32769..
0	09:02:14.318	DWX_ZeroMQ_Server_v2.0.1_RC8 EURUSD,H1: [PULL] Binding MT4 Server to Socket on Port 32768..
0	09:02:14.318	DWX_ZeroMQ_Server_v2.0.1_RC8 EURUSD,H1: [PUB] Binding MT4 Server to Socket on Port 32770..
0	09:02:14.319	DWX_ZeroMQ_Server_v2.0.1_RC8 EURUSD,H1: initialized
0	09:03:16.134	DWX_ZeroMQ_Server_v2.0.1_RC8 EURUSD,H1: uninit reason 1
0	09:03:16.134	DWX_ZeroMQ_Server_v2.0.1_RC8 EURUSD,H1: [PUSH] Unbinding MT4 Server from Socket on Port 32769..
0	09:03:16.134	DWX_ZeroMQ_Server_v2.0.1_RC8 EURUSD,H1: [PULL] Unbinding MT4 Server from Socket on Port 32768..
0	09:03:16.134	DWX_ZeroMQ_Server_v2.0.1_RC8 EURUSD,H1: [PUB] Unbinding MT4 Server from Socket on Port 32770..
0	09:03:16.137	Expert DWX_ZeroMQ_Server_v2.0.1_RC8 EURUSD,H1: removed
0	09:03:31.439	Automated trading disabled
3	09:03:31.439	Automated trading disabled because the account has been changed
0	09:05:19.946	DWX_ZeroMQ_Server_v2.0.1_RC8 EURUSD,H1: uninit reason 9
0	09:05:19.947	DWX_ZeroMQ_Server_v2.0.1_RC8 EURUSD,H1: [PUSH] Unbinding MT4 Server from Socket on Port 32769..
0	09:05:19.947	DWX_ZeroMQ_Server_v2.0.1_RC8 EURUSD,H1: [PULL] Unbinding MT4 Server from Socket on Port 32768..
0	09:05:19.980	Expert DWX_ZeroMQ_Server_v2.0.1_RC8 EURUSD,H1: removed
0	09:11:47.241	Compiling 'DWX_ZeroMQ_Server_v2.0.1_RC8'
0	09:11:49.529	Expert DWX_ZeroMQ_Server_v2.0.1_RC8 EURUSD,H1: loaded successfully
0	09:11:49.529	DWX_ZeroMQ_Server_v2.0.1_RC8 EURUSD,H1 inputs: PROJECT_NAME=DWX_ZeroMQ_MT4_Server; ZEROMQ_PROTOCOL=tcp; HOSTNAME=*; PUSH_PORT=32768; PULL_PORT=32769; PUB_PORT=32770; MILLISECOND_TIMER=1; t0=--- Trading Parameters ---; MagicNumber=123456; MaximumOrders=1; MaximumLotSize=1.0; MaximumSlippage=3; DMA_MODE=true; t1=--- ZeroMQ Configuration ---; Publish_MarketData=true; 
3	09:11:49.556	DWX_ZeroMQ_Server_v2.0.1_RC8 EURUSD,H1: cannot refresh history [4073]
0	09:11:49.700	DWX_ZeroMQ_Server_v2.0.1_RC8 EURUSD,H1: [PUSH] Binding MT4 Server to Socket on Port 32769..
0	09:11:49.700	DWX_ZeroMQ_Server_v2.0.1_RC8 EURUSD,H1: [PULL] Binding MT4 Server to Socket on Port 32768..
0	09:11:49.701	DWX_ZeroMQ_Server_v2.0.1_RC8 EURUSD,H1: [PUB] Binding MT4 Server to Socket on Port 32770..
0	09:11:49.701	DWX_ZeroMQ_Server_v2.0.1_RC8 EURUSD,H1: initialized
0	09:11:50.487	DWX_ZeroMQ_Server_v2.0.1_RC8 EURUSD,H1: [PUSH] Binding MT4 Server to Socket on Port 32769..
0	09:11:50.487	DWX_ZeroMQ_Server_v2.0.1_RC8 EURUSD,H1: [PULL] Binding MT4 Server to Socket on Port 32768..
0	09:11:50.487	DWX_ZeroMQ_Server_v2.0.1_RC8 EURUSD,H1: [PUB] Binding MT4 Server to Socket on Port 32770..
0	09:11:50.487	DWX_ZeroMQ_Server_v2.0.1_RC8 EURUSD,H1: initialized
0	09:14:20.411	Expert DWX_ZeroMQ_Server_v2.0.1_RC8 EURUSD,H1: loaded successfully
0	09:14:31.674	DWX_ZeroMQ_Server_v2.0.1_RC8 EURUSD,H1 inputs: PROJECT_NAME=DWX_ZeroMQ_MT4_Server; ZEROMQ_PROTOCOL=tcp; HOSTNAME=*; PUSH_PORT=32768; PULL_PORT=32769; PUB_PORT=32770; MILLISECOND_TIMER=1; t0=--- Trading Parameters ---; MagicNumber=123456; MaximumOrders=1; MaximumLotSize=1.0; MaximumSlippage=3; DMA_MODE=true; t1=--- ZeroMQ Configuration ---; Publish_MarketData=true; 
0	09:14:31.703	DWX_ZeroMQ_Server_v2.0.1_RC8 EURUSD,H1: [PUSH] Binding MT4 Server to Socket on Port 32769..
0	09:14:31.703	DWX_ZeroMQ_Server_v2.0.1_RC8 EURUSD,H1: [PULL] Binding MT4 Server to Socket on Port 32768..
0	09:14:31.703	DWX_ZeroMQ_Server_v2.0.1_RC8 EURUSD,H1: [PUB] Binding MT4 Server to Socket on Port 32770..
0	09:14:31.703	DWX_ZeroMQ_Server_v2.0.1_RC8 EURUSD,H1: initialized
0	09:14:56.476	Automated trading disabled
3	09:14:56.476	Automated trading disabled because the account has been changed
0	09:15:19.400	DWX_ZeroMQ_Server_v2.0.1_RC8 EURUSD,H1: uninit reason 9
0	09:15:19.401	DWX_ZeroMQ_Server_v2.0.1_RC8 EURUSD,H1: [PUSH] Unbinding MT4 Server from Socket on Port 32769..
0	09:15:19.401	DWX_ZeroMQ_Server_v2.0.1_RC8 EURUSD,H1: [PULL] Unbinding MT4 Server from Socket on Port 32768..
0	09:15:19.401	DWX_ZeroMQ_Server_v2.0.1_RC8 EURUSD,H1: [PUB] Unbinding MT4 Server from Socket on Port 32770..
0	09:15:19.401	DWX_ZeroMQ_Server_v2.0.1_RC8 EURUSD,H1: uninit reason 9
0	09:15:19.401	DWX_ZeroMQ_Server_v2.0.1_RC8 EURUSD,H1: [PUSH] Unbinding MT4 Server from Socket on Port 32769..
0	09:15:19.401	DWX_ZeroMQ_Server_v2.0.1_RC8 EURUSD,H1: [PULL] Unbinding MT4 Server from Socket on Port 32768..
0	09:15:19.401	DWX_ZeroMQ_Server_v2.0.1_RC8 EURUSD,H1: [PUB] Unbinding MT4 Server from Socket on Port 32770..
0	09:15:19.438	Expert DWX_ZeroMQ_Server_v2.0.1_RC8 EURUSD,H1: removed
0	09:15:19.448	Expert DWX_ZeroMQ_Server_v2.0.1_RC8 EURUSD,H1: removed
0	10:47:58.232	Expert DWX_ZeroMQ_Server_v2.0.1_RC8 EURUSD,H1: loaded successfully
0	10:47:58.232	DWX_ZeroMQ_Server_v2.0.1_RC8 EURUSD,H1 inputs: PROJECT_NAME=DWX_ZeroMQ_MT4_Server; ZEROMQ_PROTOCOL=tcp; HOSTNAME=*; PUSH_PORT=32768; PULL_PORT=32769; PUB_PORT=32770; MILLISECOND_TIMER=1; t0=--- Trading Parameters ---; MagicNumber=123456; MaximumOrders=1; MaximumLotSize=1.0; MaximumSlippage=3; DMA_MODE=true; t1=--- ZeroMQ Configuration ---; Publish_MarketData=true; 
3	10:47:58.266	DWX_ZeroMQ_Server_v2.0.1_RC8 EURUSD,H1: cannot refresh history [4073]
0	10:47:58.392	Expert DWX_ZeroMQ_Server_v2.0.1_RC8 EURUSD,H1: loaded successfully
0	10:47:58.392	DWX_ZeroMQ_Server_v2.0.1_RC8 EURUSD,H1 inputs: PROJECT_NAME=DWX_ZeroMQ_MT4_Server; ZEROMQ_PROTOCOL=tcp; HOSTNAME=*; PUSH_PORT=32768; PULL_PORT=32769; PUB_PORT=32770; MILLISECOND_TIMER=1; t0=--- Trading Parameters ---; MagicNumber=123456; MaximumOrders=1; MaximumLotSize=1.0; MaximumSlippage=3; DMA_MODE=true; t1=--- ZeroMQ Configuration ---; Publish_MarketData=true; 
